<?xml version="1.0" encoding="UTF-8"?>
<testsuite name="com.bridge.example.petroleumaccountability.usermanagement.service.UserServiceTest" tests="1" skipped="0" failures="0" errors="0" timestamp="2025-05-15T17:17:25.002Z" hostname="RGCASWFA0309" time="0.496">
  <properties/>
  <testcase name="shouldCreateNewUserAccount()" classname="com.bridge.example.petroleumaccountability.usermanagement.service.UserServiceTest" time="0.496"/>
  <system-out><![CDATA[]]></system-out>
  <system-err><![CDATA[]]></system-err>
</testsuite>
